[2017-11-03 17:39:32] production.ERROR: RuntimeException: No supported encrypter found. The cipher and / or key length are invalid. in /var/www/html/hrms/vendor/laravel/framework/src/Illuminate/Encryption/EncryptionServiceProvider.php:45
Stack trace:
#0 /var/www/html/hrms/vendor/laravel/framework/src/Illuminate/Encryption/EncryptionServiceProvider.php(25): Illuminate\Encryption\EncryptionServiceProvider->getEncrypterForKeyAndCipher(NULL, 'AES-256-CBC')
#1 /var/www/html/hrms/vendor/laravel/framework/src/Illuminate/Container/Container.php(731): Illuminate\Encryption\EncryptionServiceProvider->Illuminate\Encryption\{closure}(Object(Illuminate\Foundation\Application), Array)
#2 /var/www/html/hrms/vendor/laravel/framework/src/Illuminate/Container/Container.php(629): Illuminate\Container\Container->build(Object(Closure), Array)
#3 /var/www/html/hrms/vendor/laravel/framework/src/Illuminate/Foundation/Application.php(697): Illuminate\Container\Container->make('encrypter', Array)
#4 /var/www/html/hrms/vendor/laravel/framework/src/Illuminate/Container/Container.php(1178): Illuminate\Foundation\Application->make('encrypter')
#5 /var/www/html/hrms/vendor/laravel/framework/src/Illuminate/Queue/QueueManager.php(139): Illuminate\Container\Container->offsetGet('encrypter')
#6 /var/www/html/hrms/vendor/laravel/framework/src/Illuminate/Queue/QueueServiceProvider.php(65): Illuminate\Queue\QueueManager->connection()
#7 /var/www/html/hrms/vendor/laravel/framework/src/Illuminate/Container/Container.php(731): Illuminate\Queue\QueueServiceProvider->Illuminate\Queue\{closure}(Object(Illuminate\Foundation\Application), Array)
#8 /var/www/html/hrms/vendor/laravel/framework/src/Illuminate/Container/Container.php(629): Illuminate\Container\Container->build(Object(Closure), Array)
#9 /var/www/html/hrms/vendor/laravel/framework/src/Illuminate/Foundation/Application.php(697): Illuminate\Container\Container->make('queue.connectio...', Array)
#10 /var/www/html/hrms/vendor/laravel/framework/src/Illuminate/Container/Container.php(1178): Illuminate\Foundation\Application->make('queue.connectio...')
#11 /var/www/html/hrms/vendor/laravel/framework/src/Illuminate/Mail/MailServiceProvider.php(67): Illuminate\Container\Container->offsetGet('queue.connectio...')
#12 /var/www/html/hrms/vendor/laravel/framework/src/Illuminate/Mail/MailServiceProvider.php(34): Illuminate\Mail\MailServiceProvider->setMailerDependencies(Object(Illuminate\Mail\Mailer), Object(Illuminate\Foundation\Application))
#13 /var/www/html/hrms/vendor/laravel/framework/src/Illuminate/Container/Container.php(731): Illuminate\Mail\MailServiceProvider->Illuminate\Mail\{closure}(Object(Illuminate\Foundation\Application), Array)
#14 /var/www/html/hrms/vendor/laravel/framework/src/Illuminate/Container/Container.php(629): Illuminate\Container\Container->build(Object(Closure), Array)
#15 /var/www/html/hrms/vendor/laravel/framework/src/Illuminate/Foundation/Application.php(697): Illuminate\Container\Container->make('mailer', Array)
#16 /var/www/html/hrms/vendor/laravel/framework/src/Illuminate/Container/Container.php(849): Illuminate\Foundation\Application->make('mailer')
#17 /var/www/html/hrms/vendor/laravel/framework/src/Illuminate/Container/Container.php(804): Illuminate\Container\Container->resolveClass(Object(ReflectionParameter))
#18 /var/www/html/hrms/vendor/laravel/framework/src/Illuminate/Container/Container.php(774): Illuminate\Container\Container->getDependencies(Array, Array)
#19 /var/www/html/hrms/vendor/laravel/framework/src/Illuminate/Container/Container.php(629): Illuminate\Container\Container->build('App\\Console\\Com...', Array)
#20 /var/www/html/hrms/vendor/laravel/framework/src/Illuminate/Foundation/Application.php(697): Illuminate\Container\Container->make('App\\Console\\Com...', Array)
#21 /var/www/html/hrms/vendor/laravel/framework/src/Illuminate/Console/Application.php(115): Illuminate\Foundation\Application->make('App\\Console\\Com...')
#22 /var/www/html/hrms/vendor/laravel/framework/src/Illuminate/Console/Application.php(129): Illuminate\Console\Application->resolve('App\\Console\\Com...')
#23 /var/www/html/hrms/vendor/laravel/framework/src/Illuminate/Foundation/Console/Kernel.php(237): Illuminate\Console\Application->resolveCommands(Array)
#24 /var/www/html/hrms/vendor/laravel/framework/src/Illuminate/Foundation/Console/Kernel.php(107): Illuminate\Foundation\Console\Kernel->getArtisan()
#25 /var/www/html/hrms/artisan(35): Illuminate\Foundation\Console\Kernel->handle(Object(Symfony\Component\Console\Input\ArgvInput), Object(Symfony\Component\Console\Output\ConsoleOutput))
#26 {main}  
[2017-11-03 17:41:17] production.ERROR: RuntimeException: No supported encrypter found. The cipher and / or key length are invalid. in /var/www/html/hrms/vendor/laravel/framework/src/Illuminate/Encryption/EncryptionServiceProvider.php:45
Stack trace:
#0 /var/www/html/hrms/vendor/laravel/framework/src/Illuminate/Encryption/EncryptionServiceProvider.php(25): Illuminate\Encryption\EncryptionServiceProvider->getEncrypterForKeyAndCipher(NULL, 'AES-256-CBC')
#1 /var/www/html/hrms/vendor/laravel/framework/src/Illuminate/Container/Container.php(731): Illuminate\Encryption\EncryptionServiceProvider->Illuminate\Encryption\{closure}(Object(Illuminate\Foundation\Application), Array)
#2 /var/www/html/hrms/vendor/laravel/framework/src/Illuminate/Container/Container.php(629): Illuminate\Container\Container->build(Object(Closure), Array)
#3 /var/www/html/hrms/vendor/laravel/framework/src/Illuminate/Foundation/Application.php(697): Illuminate\Container\Container->make('encrypter', Array)
#4 /var/www/html/hrms/vendor/laravel/framework/src/Illuminate/Container/Container.php(1178): Illuminate\Foundation\Application->make('encrypter')
#5 /var/www/html/hrms/vendor/laravel/framework/src/Illuminate/Queue/QueueManager.php(139): Illuminate\Container\Container->offsetGet('encrypter')
#6 /var/www/html/hrms/vendor/laravel/framework/src/Illuminate/Queue/QueueServiceProvider.php(65): Illuminate\Queue\QueueManager->connection()
#7 /var/www/html/hrms/vendor/laravel/framework/src/Illuminate/Container/Container.php(731): Illuminate\Queue\QueueServiceProvider->Illuminate\Queue\{closure}(Object(Illuminate\Foundation\Application), Array)
#8 /var/www/html/hrms/vendor/laravel/framework/src/Illuminate/Container/Container.php(629): Illuminate\Container\Container->build(Object(Closure), Array)
#9 /var/www/html/hrms/vendor/laravel/framework/src/Illuminate/Foundation/Application.php(697): Illuminate\Container\Container->make('queue.connectio...', Array)
#10 /var/www/html/hrms/vendor/laravel/framework/src/Illuminate/Container/Container.php(1178): Illuminate\Foundation\Application->make('queue.connectio...')
#11 /var/www/html/hrms/vendor/laravel/framework/src/Illuminate/Mail/MailServiceProvider.php(67): Illuminate\Container\Container->offsetGet('queue.connectio...')
#12 /var/www/html/hrms/vendor/laravel/framework/src/Illuminate/Mail/MailServiceProvider.php(34): Illuminate\Mail\MailServiceProvider->setMailerDependencies(Object(Illuminate\Mail\Mailer), Object(Illuminate\Foundation\Application))
#13 /var/www/html/hrms/vendor/laravel/framework/src/Illuminate/Container/Container.php(731): Illuminate\Mail\MailServiceProvider->Illuminate\Mail\{closure}(Object(Illuminate\Foundation\Application), Array)
#14 /var/www/html/hrms/vendor/laravel/framework/src/Illuminate/Container/Container.php(629): Illuminate\Container\Container->build(Object(Closure), Array)
#15 /var/www/html/hrms/vendor/laravel/framework/src/Illuminate/Foundation/Application.php(697): Illuminate\Container\Container->make('mailer', Array)
#16 /var/www/html/hrms/vendor/laravel/framework/src/Illuminate/Container/Container.php(849): Illuminate\Foundation\Application->make('mailer')
#17 /var/www/html/hrms/vendor/laravel/framework/src/Illuminate/Container/Container.php(804): Illuminate\Container\Container->resolveClass(Object(ReflectionParameter))
#18 /var/www/html/hrms/vendor/laravel/framework/src/Illuminate/Container/Container.php(774): Illuminate\Container\Container->getDependencies(Array, Array)
#19 /var/www/html/hrms/vendor/laravel/framework/src/Illuminate/Container/Container.php(629): Illuminate\Container\Container->build('App\\Console\\Com...', Array)
#20 /var/www/html/hrms/vendor/laravel/framework/src/Illuminate/Foundation/Application.php(697): Illuminate\Container\Container->make('App\\Console\\Com...', Array)
#21 /var/www/html/hrms/vendor/laravel/framework/src/Illuminate/Console/Application.php(115): Illuminate\Foundation\Application->make('App\\Console\\Com...')
#22 /var/www/html/hrms/vendor/laravel/framework/src/Illuminate/Console/Application.php(129): Illuminate\Console\Application->resolve('App\\Console\\Com...')
#23 /var/www/html/hrms/vendor/laravel/framework/src/Illuminate/Foundation/Console/Kernel.php(237): Illuminate\Console\Application->resolveCommands(Array)
#24 /var/www/html/hrms/vendor/laravel/framework/src/Illuminate/Foundation/Console/Kernel.php(107): Illuminate\Foundation\Console\Kernel->getArtisan()
#25 /var/www/html/hrms/artisan(35): Illuminate\Foundation\Console\Kernel->handle(Object(Symfony\Component\Console\Input\ArgvInput), Object(Symfony\Component\Console\Output\ConsoleOutput))
#26 {main}  
[2017-11-03 17:43:01] production.ERROR: RuntimeException: No supported encrypter found. The cipher and / or key length are invalid. in /var/www/html/hrms/vendor/laravel/framework/src/Illuminate/Encryption/EncryptionServiceProvider.php:45
Stack trace:
#0 /var/www/html/hrms/vendor/laravel/framework/src/Illuminate/Encryption/EncryptionServiceProvider.php(25): Illuminate\Encryption\EncryptionServiceProvider->getEncrypterForKeyAndCipher(NULL, 'AES-256-CBC')
#1 /var/www/html/hrms/vendor/laravel/framework/src/Illuminate/Container/Container.php(731): Illuminate\Encryption\EncryptionServiceProvider->Illuminate\Encryption\{closure}(Object(Illuminate\Foundation\Application), Array)
#2 /var/www/html/hrms/vendor/laravel/framework/src/Illuminate/Container/Container.php(629): Illuminate\Container\Container->build(Object(Closure), Array)
#3 /var/www/html/hrms/vendor/laravel/framework/src/Illuminate/Foundation/Application.php(697): Illuminate\Container\Container->make('encrypter', Array)
#4 /var/www/html/hrms/vendor/laravel/framework/src/Illuminate/Container/Container.php(1178): Illuminate\Foundation\Application->make('encrypter')
#5 /var/www/html/hrms/vendor/laravel/framework/src/Illuminate/Queue/QueueManager.php(139): Illuminate\Container\Container->offsetGet('encrypter')
#6 /var/www/html/hrms/vendor/laravel/framework/src/Illuminate/Queue/QueueServiceProvider.php(65): Illuminate\Queue\QueueManager->connection()
#7 /var/www/html/hrms/vendor/laravel/framework/src/Illuminate/Container/Container.php(731): Illuminate\Queue\QueueServiceProvider->Illuminate\Queue\{closure}(Object(Illuminate\Foundation\Application), Array)
#8 /var/www/html/hrms/vendor/laravel/framework/src/Illuminate/Container/Container.php(629): Illuminate\Container\Container->build(Object(Closure), Array)
#9 /var/www/html/hrms/vendor/laravel/framework/src/Illuminate/Foundation/Application.php(697): Illuminate\Container\Container->make('queue.connectio...', Array)
#10 /var/www/html/hrms/vendor/laravel/framework/src/Illuminate/Container/Container.php(1178): Illuminate\Foundation\Application->make('queue.connectio...')
#11 /var/www/html/hrms/vendor/laravel/framework/src/Illuminate/Mail/MailServiceProvider.php(67): Illuminate\Container\Container->offsetGet('queue.connectio...')
#12 /var/www/html/hrms/vendor/laravel/framework/src/Illuminate/Mail/MailServiceProvider.php(34): Illuminate\Mail\MailServiceProvider->setMailerDependencies(Object(Illuminate\Mail\Mailer), Object(Illuminate\Foundation\Application))
#13 /var/www/html/hrms/vendor/laravel/framework/src/Illuminate/Container/Container.php(731): Illuminate\Mail\MailServiceProvider->Illuminate\Mail\{closure}(Object(Illuminate\Foundation\Application), Array)
#14 /var/www/html/hrms/vendor/laravel/framework/src/Illuminate/Container/Container.php(629): Illuminate\Container\Container->build(Object(Closure), Array)
#15 /var/www/html/hrms/vendor/laravel/framework/src/Illuminate/Foundation/Application.php(697): Illuminate\Container\Container->make('mailer', Array)
#16 /var/www/html/hrms/vendor/laravel/framework/src/Illuminate/Container/Container.php(849): Illuminate\Foundation\Application->make('mailer')
#17 /var/www/html/hrms/vendor/laravel/framework/src/Illuminate/Container/Container.php(804): Illuminate\Container\Container->resolveClass(Object(ReflectionParameter))
#18 /var/www/html/hrms/vendor/laravel/framework/src/Illuminate/Container/Container.php(774): Illuminate\Container\Container->getDependencies(Array, Array)
#19 /var/www/html/hrms/vendor/laravel/framework/src/Illuminate/Container/Container.php(629): Illuminate\Container\Container->build('App\\Console\\Com...', Array)
#20 /var/www/html/hrms/vendor/laravel/framework/src/Illuminate/Foundation/Application.php(697): Illuminate\Container\Container->make('App\\Console\\Com...', Array)
#21 /var/www/html/hrms/vendor/laravel/framework/src/Illuminate/Console/Application.php(115): Illuminate\Foundation\Application->make('App\\Console\\Com...')
#22 /var/www/html/hrms/vendor/laravel/framework/src/Illuminate/Console/Application.php(129): Illuminate\Console\Application->resolve('App\\Console\\Com...')
#23 /var/www/html/hrms/vendor/laravel/framework/src/Illuminate/Foundation/Console/Kernel.php(237): Illuminate\Console\Application->resolveCommands(Array)
#24 /var/www/html/hrms/vendor/laravel/framework/src/Illuminate/Foundation/Console/Kernel.php(107): Illuminate\Foundation\Console\Kernel->getArtisan()
#25 /var/www/html/hrms/artisan(35): Illuminate\Foundation\Console\Kernel->handle(Object(Symfony\Component\Console\Input\ArgvInput), Object(Symfony\Component\Console\Output\ConsoleOutput))
#26 {main}  
[2017-11-03 17:43:44] production.ERROR: RuntimeException: No supported encrypter found. The cipher and / or key length are invalid. in /var/www/html/hrms/vendor/laravel/framework/src/Illuminate/Encryption/EncryptionServiceProvider.php:45
Stack trace:
#0 /var/www/html/hrms/vendor/laravel/framework/src/Illuminate/Encryption/EncryptionServiceProvider.php(25): Illuminate\Encryption\EncryptionServiceProvider->getEncrypterForKeyAndCipher(NULL, 'AES-256-CBC')
#1 /var/www/html/hrms/vendor/laravel/framework/src/Illuminate/Container/Container.php(731): Illuminate\Encryption\EncryptionServiceProvider->Illuminate\Encryption\{closure}(Object(Illuminate\Foundation\Application), Array)
#2 /var/www/html/hrms/vendor/laravel/framework/src/Illuminate/Container/Container.php(629): Illuminate\Container\Container->build(Object(Closure), Array)
#3 /var/www/html/hrms/vendor/laravel/framework/src/Illuminate/Foundation/Application.php(697): Illuminate\Container\Container->make('encrypter', Array)
#4 /var/www/html/hrms/vendor/laravel/framework/src/Illuminate/Container/Container.php(1178): Illuminate\Foundation\Application->make('encrypter')
#5 /var/www/html/hrms/vendor/laravel/framework/src/Illuminate/Queue/QueueManager.php(139): Illuminate\Container\Container->offsetGet('encrypter')
#6 /var/www/html/hrms/vendor/laravel/framework/src/Illuminate/Queue/QueueServiceProvider.php(65): Illuminate\Queue\QueueManager->connection()
#7 /var/www/html/hrms/vendor/laravel/framework/src/Illuminate/Container/Container.php(731): Illuminate\Queue\QueueServiceProvider->Illuminate\Queue\{closure}(Object(Illuminate\Foundation\Application), Array)
#8 /var/www/html/hrms/vendor/laravel/framework/src/Illuminate/Container/Container.php(629): Illuminate\Container\Container->build(Object(Closure), Array)
#9 /var/www/html/hrms/vendor/laravel/framework/src/Illuminate/Foundation/Application.php(697): Illuminate\Container\Container->make('queue.connectio...', Array)
#10 /var/www/html/hrms/vendor/laravel/framework/src/Illuminate/Container/Container.php(1178): Illuminate\Foundation\Application->make('queue.connectio...')
#11 /var/www/html/hrms/vendor/laravel/framework/src/Illuminate/Mail/MailServiceProvider.php(67): Illuminate\Container\Container->offsetGet('queue.connectio...')
#12 /var/www/html/hrms/vendor/laravel/framework/src/Illuminate/Mail/MailServiceProvider.php(34): Illuminate\Mail\MailServiceProvider->setMailerDependencies(Object(Illuminate\Mail\Mailer), Object(Illuminate\Foundation\Application))
#13 /var/www/html/hrms/vendor/laravel/framework/src/Illuminate/Container/Container.php(731): Illuminate\Mail\MailServiceProvider->Illuminate\Mail\{closure}(Object(Illuminate\Foundation\Application), Array)
#14 /var/www/html/hrms/vendor/laravel/framework/src/Illuminate/Container/Container.php(629): Illuminate\Container\Container->build(Object(Closure), Array)
#15 /var/www/html/hrms/vendor/laravel/framework/src/Illuminate/Foundation/Application.php(697): Illuminate\Container\Container->make('mailer', Array)
#16 /var/www/html/hrms/vendor/laravel/framework/src/Illuminate/Container/Container.php(849): Illuminate\Foundation\Application->make('mailer')
#17 /var/www/html/hrms/vendor/laravel/framework/src/Illuminate/Container/Container.php(804): Illuminate\Container\Container->resolveClass(Object(ReflectionParameter))
#18 /var/www/html/hrms/vendor/laravel/framework/src/Illuminate/Container/Container.php(774): Illuminate\Container\Container->getDependencies(Array, Array)
#19 /var/www/html/hrms/vendor/laravel/framework/src/Illuminate/Container/Container.php(629): Illuminate\Container\Container->build('App\\Console\\Com...', Array)
#20 /var/www/html/hrms/vendor/laravel/framework/src/Illuminate/Foundation/Application.php(697): Illuminate\Container\Container->make('App\\Console\\Com...', Array)
#21 /var/www/html/hrms/vendor/laravel/framework/src/Illuminate/Console/Application.php(115): Illuminate\Foundation\Application->make('App\\Console\\Com...')
#22 /var/www/html/hrms/vendor/laravel/framework/src/Illuminate/Console/Application.php(129): Illuminate\Console\Application->resolve('App\\Console\\Com...')
#23 /var/www/html/hrms/vendor/laravel/framework/src/Illuminate/Foundation/Console/Kernel.php(237): Illuminate\Console\Application->resolveCommands(Array)
#24 /var/www/html/hrms/vendor/laravel/framework/src/Illuminate/Foundation/Console/Kernel.php(107): Illuminate\Foundation\Console\Kernel->getArtisan()
#25 /var/www/html/hrms/artisan(35): Illuminate\Foundation\Console\Kernel->handle(Object(Symfony\Component\Console\Input\ArgvInput), Object(Symfony\Component\Console\Output\ConsoleOutput))
#26 {main}  
[2017-11-03 17:45:44] local.ERROR: ErrorException: file_put_contents(/var/www/html/hrms/.env): failed to open stream: Permission denied in /var/www/html/hrms/vendor/laravel/framework/src/Illuminate/Foundation/Console/KeyGenerateCommand.php:57
Stack trace:
#0 [internal function]: Illuminate\Foundation\Bootstrap\HandleExceptions->handleError(2, 'file_put_conten...', '/var/www/html/h...', 57, Array)
#1 /var/www/html/hrms/vendor/laravel/framework/src/Illuminate/Foundation/Console/KeyGenerateCommand.php(57): file_put_contents('/var/www/html/h...', 'APP_ENV=local\nA...')
#2 /var/www/html/hrms/vendor/laravel/framework/src/Illuminate/Foundation/Console/KeyGenerateCommand.php(39): Illuminate\Foundation\Console\KeyGenerateCommand->setKeyInEnvironmentFile('base64:bc7bVf5F...')
#3 [internal function]: Illuminate\Foundation\Console\KeyGenerateCommand->fire()
#4 /var/www/html/hrms/vendor/laravel/framework/src/Illuminate/Container/Container.php(507): call_user_func_array(Array, Array)
#5 /var/www/html/hrms/vendor/laravel/framework/src/Illuminate/Console/Command.php(169): Illuminate\Container\Container->call(Array)
#6 /var/www/html/hrms/vendor/symfony/console/Command/Command.php(256): Illuminate\Console\Command->execute(Object(Symfony\Component\Console\Input\ArgvInput), Object(Symfony\Component\Console\Output\ConsoleOutput))
#7 /var/www/html/hrms/vendor/laravel/framework/src/Illuminate/Console/Command.php(155): Symfony\Component\Console\Command\Command->run(Object(Symfony\Component\Console\Input\ArgvInput), Object(Symfony\Component\Console\Output\ConsoleOutput))
#8 /var/www/html/hrms/vendor/symfony/console/Application.php(794): Illuminate\Console\Command->run(Object(Symfony\Component\Console\Input\ArgvInput), Object(Symfony\Component\Console\Output\ConsoleOutput))
#9 /var/www/html/hrms/vendor/symfony/console/Application.php(186): Symfony\Component\Console\Application->doRunCommand(Object(Illuminate\Foundation\Console\KeyGenerateCommand), Object(Symfony\Component\Console\Input\ArgvInput), Object(Symfony\Component\Console\Output\ConsoleOutput))
#10 /var/www/html/hrms/vendor/symfony/console/Application.php(117): Symfony\Component\Console\Application->doRun(Object(Symfony\Component\Console\Input\ArgvInput), Object(Symfony\Component\Console\Output\ConsoleOutput))
#11 /var/www/html/hrms/vendor/laravel/framework/src/Illuminate/Foundation/Console/Kernel.php(107): Symfony\Component\Console\Application->run(Object(Symfony\Component\Console\Input\ArgvInput), Object(Symfony\Component\Console\Output\ConsoleOutput))
#12 /var/www/html/hrms/artisan(35): Illuminate\Foundation\Console\Kernel->handle(Object(Symfony\Component\Console\Input\ArgvInput), Object(Symfony\Component\Console\Output\ConsoleOutput))
#13 {main}  
[2017-11-03 17:55:22] local.ERROR: ErrorException: Trying to get property of non-object in /var/www/html/hrms/storage/framework/views/c5ba0559e18d8bba433b0bf66f971dada5ae3f94.php:21
Stack trace:
#0 /var/www/html/hrms/storage/framework/views/c5ba0559e18d8bba433b0bf66f971dada5ae3f94.php(21): Illuminate\Foundation\Bootstrap\HandleExceptions->handleError(8, 'Trying to get p...', '/var/www/html/h...', 21, Array)
#1 /var/www/html/hrms/vendor/laravel/framework/src/Illuminate/View/Engines/PhpEngine.php(42): include('/var/www/html/h...')
#2 /var/www/html/hrms/vendor/laravel/framework/src/Illuminate/View/Engines/CompilerEngine.php(59): Illuminate\View\Engines\PhpEngine->evaluatePath('/var/www/html/h...', Array)
#3 /var/www/html/hrms/vendor/laravel/framework/src/Illuminate/View/View.php(149): Illuminate\View\Engines\CompilerEngine->get('/var/www/html/h...', Array)
#4 /var/www/html/hrms/vendor/laravel/framework/src/Illuminate/View/View.php(120): Illuminate\View\View->getContents()
#5 /var/www/html/hrms/vendor/laravel/framework/src/Illuminate/View/View.php(85): Illuminate\View\View->renderContents()
#6 /var/www/html/hrms/storage/framework/views/5347008b2206ae9efba3c6d1e54ea2633102b7cc.php(242): Illuminate\View\View->render()
#7 /var/www/html/hrms/vendor/laravel/framework/src/Illuminate/View/Engines/PhpEngine.php(42): include('/var/www/html/h...')
#8 /var/www/html/hrms/vendor/laravel/framework/src/Illuminate/View/Engines/CompilerEngine.php(59): Illuminate\View\Engines\PhpEngine->evaluatePath('/var/www/html/h...', Array)
#9 /var/www/html/hrms/vendor/laravel/framework/src/Illuminate/View/View.php(149): Illuminate\View\Engines\CompilerEngine->get('/var/www/html/h...', Array)
#10 /var/www/html/hrms/vendor/laravel/framework/src/Illuminate/View/View.php(120): Illuminate\View\View->getContents()
#11 /var/www/html/hrms/vendor/laravel/framework/src/Illuminate/View/View.php(85): Illuminate\View\View->renderContents()
#12 /var/www/html/hrms/storage/framework/views/3c84ed26936bead673d3ed532716faf79b59c3bc.php(47): Illuminate\View\View->render()
#13 /var/www/html/hrms/vendor/laravel/framework/src/Illuminate/View/Engines/PhpEngine.php(42): include('/var/www/html/h...')
#14 /var/www/html/hrms/vendor/laravel/framework/src/Illuminate/View/Engines/CompilerEngine.php(59): Illuminate\View\Engines\PhpEngine->evaluatePath('/var/www/html/h...', Array)
#15 /var/www/html/hrms/vendor/laravel/framework/src/Illuminate/View/View.php(149): Illuminate\View\Engines\CompilerEngine->get('/var/www/html/h...', Array)
#16 /var/www/html/hrms/vendor/laravel/framework/src/Illuminate/View/View.php(120): Illuminate\View\View->getContents()
#17 /var/www/html/hrms/vendor/laravel/framework/src/Illuminate/View/View.php(85): Illuminate\View\View->renderContents()
#18 /var/www/html/hrms/vendor/laravel/framework/src/Illuminate/Http/Response.php(53): Illuminate\View\View->render()
#19 /var/www/html/hrms/vendor/symfony/http-foundation/Response.php(201): Illuminate\Http\Response->setContent(Object(Illuminate\View\View))
#20 /var/www/html/hrms/vendor/laravel/framework/src/Illuminate/Routing/ResponseFactory.php(57): Symfony\Component\HttpFoundation\Response->__construct(Object(Illuminate\View\View), 404, Array)
#21 /var/www/html/hrms/vendor/laravel/framework/src/Illuminate/Routing/ResponseFactory.php(71): Illuminate\Routing\ResponseFactory->make(Object(Illuminate\View\View), 404, Array)
#22 /var/www/html/hrms/vendor/laravel/framework/src/Illuminate/Foundation/Exceptions/Handler.php(156): Illuminate\Routing\ResponseFactory->view('errors.404', Array, 404, Array)
#23 /var/www/html/hrms/vendor/laravel/framework/src/Illuminate/Foundation/Exceptions/Handler.php(113): Illuminate\Foundation\Exceptions\Handler->renderHttpException(Object(Symfony\Component\HttpKernel\Exception\NotFoundHttpException))
#24 /var/www/html/hrms/app/Exceptions/Handler.php(48): Illuminate\Foundation\Exceptions\Handler->render(Object(Illuminate\Http\Request), Object(Symfony\Component\HttpKernel\Exception\NotFoundHttpException))
#25 /var/www/html/hrms/vendor/laravel/framework/src/Illuminate/Routing/Pipeline.php(80): App\Exceptions\Handler->render(Object(Illuminate\Http\Request), Object(Symfony\Component\HttpKernel\Exception\NotFoundHttpException))
#26 /var/www/html/hrms/vendor/laravel/framework/src/Illuminate/Routing/Pipeline.php(54): Illuminate\Routing\Pipeline->handleException(Object(Illuminate\Http\Request), Object(Symfony\Component\HttpKernel\Exception\NotFoundHttpException))
#27 /var/www/html/hrms/vendor/laravel/framework/src/Illuminate/Foundation/Http/Middleware/CheckForMaintenanceMode.php(44): Illuminate\Routing\Pipeline->Illuminate\Routing\{closure}(Object(Illuminate\Http\Request))
#28 [internal function]: Illuminate\Foundation\Http\Middleware\CheckForMaintenanceMode->handle(Object(Illuminate\Http\Request), Object(Closure))
#29 /var/www/html/hrms/vendor/laravel/framework/src/Illuminate/Pipeline/Pipeline.php(136): call_user_func_array(Array, Array)
#30 [internal function]: Illuminate\Pipeline\Pipeline->Illuminate\Pipeline\{closure}(Object(Illuminate\Http\Request))
#31 /var/www/html/hrms/vendor/laravel/framework/src/Illuminate/Routing/Pipeline.php(32): call_user_func(Object(Closure), Object(Illuminate\Http\Request))
#32 [internal function]: Illuminate\Routing\Pipeline->Illuminate\Routing\{closure}(Object(Illuminate\Http\Request))
#33 /var/www/html/hrms/vendor/laravel/framework/src/Illuminate/Pipeline/Pipeline.php(102): call_user_func(Object(Closure), Object(Illuminate\Http\Request))
#34 /var/www/html/hrms/vendor/laravel/framework/src/Illuminate/Foundation/Http/Kernel.php(132): Illuminate\Pipeline\Pipeline->then(Object(Closure))
#35 /var/www/html/hrms/vendor/laravel/framework/src/Illuminate/Foundation/Http/Kernel.php(99): Illuminate\Foundation\Http\Kernel->sendRequestThroughRouter(Object(Illuminate\Http\Request))
#36 /var/www/html/hrms/public/index.php(53): Illuminate\Foundation\Http\Kernel->handle(Object(Illuminate\Http\Request))
#37 {main}

Next ErrorException: Trying to get property of non-object (View: /var/www/html/hrms/resources/views/hrms/layouts/header.blade.php) in /var/www/html/hrms/storage/framework/views/c5ba0559e18d8bba433b0bf66f971dada5ae3f94.php:21
Stack trace:
#0 /var/www/html/hrms/vendor/laravel/framework/src/Illuminate/View/Engines/PhpEngine.php(44): Illuminate\View\Engines\CompilerEngine->handleViewException(Object(ErrorException), 3)
#1 /var/www/html/hrms/vendor/laravel/framework/src/Illuminate/View/Engines/CompilerEngine.php(59): Illuminate\View\Engines\PhpEngine->evaluatePath('/var/www/html/h...', Array)
#2 /var/www/html/hrms/vendor/laravel/framework/src/Illuminate/View/View.php(149): Illuminate\View\Engines\CompilerEngine->get('/var/www/html/h...', Array)
#3 /var/www/html/hrms/vendor/laravel/framework/src/Illuminate/View/View.php(120): Illuminate\View\View->getContents()
#4 /var/www/html/hrms/vendor/laravel/framework/src/Illuminate/View/View.php(85): Illuminate\View\View->renderContents()
#5 /var/www/html/hrms/storage/framework/views/5347008b2206ae9efba3c6d1e54ea2633102b7cc.php(242): Illuminate\View\View->render()
#6 /var/www/html/hrms/vendor/laravel/framework/src/Illuminate/View/Engines/PhpEngine.php(42): include('/var/www/html/h...')
#7 /var/www/html/hrms/vendor/laravel/framework/src/Illuminate/View/Engines/CompilerEngine.php(59): Illuminate\View\Engines\PhpEngine->evaluatePath('/var/www/html/h...', Array)
#8 /var/www/html/hrms/vendor/laravel/framework/src/Illuminate/View/View.php(149): Illuminate\View\Engines\CompilerEngine->get('/var/www/html/h...', Array)
#9 /var/www/html/hrms/vendor/laravel/framework/src/Illuminate/View/View.php(120): Illuminate\View\View->getContents()
#10 /var/www/html/hrms/vendor/laravel/framework/src/Illuminate/View/View.php(85): Illuminate\View\View->renderContents()
#11 /var/www/html/hrms/storage/framework/views/3c84ed26936bead673d3ed532716faf79b59c3bc.php(47): Illuminate\View\View->render()
#12 /var/www/html/hrms/vendor/laravel/framework/src/Illuminate/View/Engines/PhpEngine.php(42): include('/var/www/html/h...')
#13 /var/www/html/hrms/vendor/laravel/framework/src/Illuminate/View/Engines/CompilerEngine.php(59): Illuminate\View\Engines\PhpEngine->evaluatePath('/var/www/html/h...', Array)
#14 /var/www/html/hrms/vendor/laravel/framework/src/Illuminate/View/View.php(149): Illuminate\View\Engines\CompilerEngine->get('/var/www/html/h...', Array)
#15 /var/www/html/hrms/vendor/laravel/framework/src/Illuminate/View/View.php(120): Illuminate\View\View->getContents()
#16 /var/www/html/hrms/vendor/laravel/framework/src/Illuminate/View/View.php(85): Illuminate\View\View->renderContents()
#17 /var/www/html/hrms/vendor/laravel/framework/src/Illuminate/Http/Response.php(53): Illuminate\View\View->render()
#18 /var/www/html/hrms/vendor/symfony/http-foundation/Response.php(201): Illuminate\Http\Response->setContent(Object(Illuminate\View\View))
#19 /var/www/html/hrms/vendor/laravel/framework/src/Illuminate/Routing/ResponseFactory.php(57): Symfony\Component\HttpFoundation\Response->__construct(Object(Illuminate\View\View), 404, Array)
#20 /var/www/html/hrms/vendor/laravel/framework/src/Illuminate/Routing/ResponseFactory.php(71): Illuminate\Routing\ResponseFactory->make(Object(Illuminate\View\View), 404, Array)
#21 /var/www/html/hrms/vendor/laravel/framework/src/Illuminate/Foundation/Exceptions/Handler.php(156): Illuminate\Routing\ResponseFactory->view('errors.404', Array, 404, Array)
#22 /var/www/html/hrms/vendor/laravel/framework/src/Illuminate/Foundation/Exceptions/Handler.php(113): Illuminate\Foundation\Exceptions\Handler->renderHttpException(Object(Symfony\Component\HttpKernel\Exception\NotFoundHttpException))
#23 /var/www/html/hrms/app/Exceptions/Handler.php(48): Illuminate\Foundation\Exceptions\Handler->render(Object(Illuminate\Http\Request), Object(Symfony\Component\HttpKernel\Exception\NotFoundHttpException))
#24 /var/www/html/hrms/vendor/laravel/framework/src/Illuminate/Routing/Pipeline.php(80): App\Exceptions\Handler->render(Object(Illuminate\Http\Request), Object(Symfony\Component\HttpKernel\Exception\NotFoundHttpException))
#25 /var/www/html/hrms/vendor/laravel/framework/src/Illuminate/Routing/Pipeline.php(54): Illuminate\Routing\Pipeline->handleException(Object(Illuminate\Http\Request), Object(Symfony\Component\HttpKernel\Exception\NotFoundHttpException))
#26 /var/www/html/hrms/vendor/laravel/framework/src/Illuminate/Foundation/Http/Middleware/CheckForMaintenanceMode.php(44): Illuminate\Routing\Pipeline->Illuminate\Routing\{closure}(Object(Illuminate\Http\Request))
#27 [internal function]: Illuminate\Foundation\Http\Middleware\CheckForMaintenanceMode->handle(Object(Illuminate\Http\Request), Object(Closure))
#28 /var/www/html/hrms/vendor/laravel/framework/src/Illuminate/Pipeline/Pipeline.php(136): call_user_func_array(Array, Array)
#29 [internal function]: Illuminate\Pipeline\Pipeline->Illuminate\Pipeline\{closure}(Object(Illuminate\Http\Request))
#30 /var/www/html/hrms/vendor/laravel/framework/src/Illuminate/Routing/Pipeline.php(32): call_user_func(Object(Closure), Object(Illuminate\Http\Request))
#31 [internal function]: Illuminate\Routing\Pipeline->Illuminate\Routing\{closure}(Object(Illuminate\Http\Request))
#32 /var/www/html/hrms/vendor/laravel/framework/src/Illuminate/Pipeline/Pipeline.php(102): call_user_func(Object(Closure), Object(Illuminate\Http\Request))
#33 /var/www/html/hrms/vendor/laravel/framework/src/Illuminate/Foundation/Http/Kernel.php(132): Illuminate\Pipeline\Pipeline->then(Object(Closure))
#34 /var/www/html/hrms/vendor/laravel/framework/src/Illuminate/Foundation/Http/Kernel.php(99): Illuminate\Foundation\Http\Kernel->sendRequestThroughRouter(Object(Illuminate\Http\Request))
#35 /var/www/html/hrms/public/index.php(53): Illuminate\Foundation\Http\Kernel->handle(Object(Illuminate\Http\Request))
#36 {main}

Next ErrorException: Trying to get property of non-object (View: /var/www/html/hrms/resources/views/hrms/layouts/header.blade.php) (View: /var/www/html/hrms/resources/views/hrms/layouts/header.blade.php) in /var/www/html/hrms/storage/framework/views/c5ba0559e18d8bba433b0bf66f971dada5ae3f94.php:21
Stack trace:
#0 /var/www/html/hrms/vendor/laravel/framework/src/Illuminate/View/Engines/PhpEngine.php(44): Illuminate\View\Engines\CompilerEngine->handleViewException(Object(ErrorException), 2)
#1 /var/www/html/hrms/vendor/laravel/framework/src/Illuminate/View/Engines/CompilerEngine.php(59): Illuminate\View\Engines\PhpEngine->evaluatePath('/var/www/html/h...', Array)
#2 /var/www/html/hrms/vendor/laravel/framework/src/Illuminate/View/View.php(149): Illuminate\View\Engines\CompilerEngine->get('/var/www/html/h...', Array)
#3 /var/www/html/hrms/vendor/laravel/framework/src/Illuminate/View/View.php(120): Illuminate\View\View->getContents()
#4 /var/www/html/hrms/vendor/laravel/framework/src/Illuminate/View/View.php(85): Illuminate\View\View->renderContents()
#5 /var/www/html/hrms/storage/framework/views/3c84ed26936bead673d3ed532716faf79b59c3bc.php(47): Illuminate\View\View->render()
#6 /var/www/html/hrms/vendor/laravel/framework/src/Illuminate/View/Engines/PhpEngine.php(42): include('/var/www/html/h...')
#7 /var/www/html/hrms/vendor/laravel/framework/src/Illuminate/View/Engines/CompilerEngine.php(59): Illuminate\View\Engines\PhpEngine->evaluatePath('/var/www/html/h...', Array)
#8 /var/www/html/hrms/vendor/laravel/framework/src/Illuminate/View/View.php(149): Illuminate\View\Engines\CompilerEngine->get('/var/www/html/h...', Array)
#9 /var/www/html/hrms/vendor/laravel/framework/src/Illuminate/View/View.php(120): Illuminate\View\View->getContents()
#10 /var/www/html/hrms/vendor/laravel/framework/src/Illuminate/View/View.php(85): Illuminate\View\View->renderContents()
#11 /var/www/html/hrms/vendor/laravel/framework/src/Illuminate/Http/Response.php(53): Illuminate\View\View->render()
#12 /var/www/html/hrms/vendor/symfony/http-foundation/Response.php(201): Illuminate\Http\Response->setContent(Object(Illuminate\View\View))
#13 /var/www/html/hrms/vendor/laravel/framework/src/Illuminate/Routing/ResponseFactory.php(57): Symfony\Component\HttpFoundation\Response->__construct(Object(Illuminate\View\View), 404, Array)
#14 /var/www/html/hrms/vendor/laravel/framework/src/Illuminate/Routing/ResponseFactory.php(71): Illuminate\Routing\ResponseFactory->make(Object(Illuminate\View\View), 404, Array)
#15 /var/www/html/hrms/vendor/laravel/framework/src/Illuminate/Foundation/Exceptions/Handler.php(156): Illuminate\Routing\ResponseFactory->view('errors.404', Array, 404, Array)
#16 /var/www/html/hrms/vendor/laravel/framework/src/Illuminate/Foundation/Exceptions/Handler.php(113): Illuminate\Foundation\Exceptions\Handler->renderHttpException(Object(Symfony\Component\HttpKernel\Exception\NotFoundHttpException))
#17 /var/www/html/hrms/app/Exceptions/Handler.php(48): Illuminate\Foundation\Exceptions\Handler->render(Object(Illuminate\Http\Request), Object(Symfony\Component\HttpKernel\Exception\NotFoundHttpException))
#18 /var/www/html/hrms/vendor/laravel/framework/src/Illuminate/Routing/Pipeline.php(80): App\Exceptions\Handler->render(Object(Illuminate\Http\Request), Object(Symfony\Component\HttpKernel\Exception\NotFoundHttpException))
#19 /var/www/html/hrms/vendor/laravel/framework/src/Illuminate/Routing/Pipeline.php(54): Illuminate\Routing\Pipeline->handleException(Object(Illuminate\Http\Request), Object(Symfony\Component\HttpKernel\Exception\NotFoundHttpException))
#20 /var/www/html/hrms/vendor/laravel/framework/src/Illuminate/Foundation/Http/Middleware/CheckForMaintenanceMode.php(44): Illuminate\Routing\Pipeline->Illuminate\Routing\{closure}(Object(Illuminate\Http\Request))
#21 [internal function]: Illuminate\Foundation\Http\Middleware\CheckForMaintenanceMode->handle(Object(Illuminate\Http\Request), Object(Closure))
#22 /var/www/html/hrms/vendor/laravel/framework/src/Illuminate/Pipeline/Pipeline.php(136): call_user_func_array(Array, Array)
#23 [internal function]: Illuminate\Pipeline\Pipeline->Illuminate\Pipeline\{closure}(Object(Illuminate\Http\Request))
#24 /var/www/html/hrms/vendor/laravel/framework/src/Illuminate/Routing/Pipeline.php(32): call_user_func(Object(Closure), Object(Illuminate\Http\Request))
#25 [internal function]: Illuminate\Routing\Pipeline->Illuminate\Routing\{closure}(Object(Illuminate\Http\Request))
#26 /var/www/html/hrms/vendor/laravel/framework/src/Illuminate/Pipeline/Pipeline.php(102): call_user_func(Object(Closure), Object(Illuminate\Http\Request))
#27 /var/www/html/hrms/vendor/laravel/framework/src/Illuminate/Foundation/Http/Kernel.php(132): Illuminate\Pipeline\Pipeline->then(Object(Closure))
#28 /var/www/html/hrms/vendor/laravel/framework/src/Illuminate/Foundation/Http/Kernel.php(99): Illuminate\Foundation\Http\Kernel->sendRequestThroughRouter(Object(Illuminate\Http\Request))
#29 /var/www/html/hrms/public/index.php(53): Illuminate\Foundation\Http\Kernel->handle(Object(Illuminate\Http\Request))
#30 {main}

Next ErrorException: Trying to get property of non-object (View: /var/www/html/hrms/resources/views/hrms/layouts/header.blade.php) (View: /var/www/html/hrms/resources/views/hrms/layouts/header.blade.php) (View: /var/www/html/hrms/resources/views/hrms/layouts/header.blade.php) in /var/www/html/hrms/storage/framework/views/c5ba0559e18d8bba433b0bf66f971dada5ae3f94.php:21
Stack trace:
#0 /var/www/html/hrms/vendor/laravel/framework/src/Illuminate/View/Engines/PhpEngine.php(44): Illuminate\View\Engines\CompilerEngine->handleViewException(Object(ErrorException), 1)
#1 /var/www/html/hrms/vendor/laravel/framework/src/Illuminate/View/Engines/CompilerEngine.php(59): Illuminate\View\Engines\PhpEngine->evaluatePath('/var/www/html/h...', Array)
#2 /var/www/html/hrms/vendor/laravel/framework/src/Illuminate/View/View.php(149): Illuminate\View\Engines\CompilerEngine->get('/var/www/html/h...', Array)
#3 /var/www/html/hrms/vendor/laravel/framework/src/Illuminate/View/View.php(120): Illuminate\View\View->getContents()
#4 /var/www/html/hrms/vendor/laravel/framework/src/Illuminate/View/View.php(85): Illuminate\View\View->renderContents()
#5 /var/www/html/hrms/vendor/laravel/framework/src/Illuminate/Http/Response.php(53): Illuminate\View\View->render()
#6 /var/www/html/hrms/vendor/symfony/http-foundation/Response.php(201): Illuminate\Http\Response->setContent(Object(Illuminate\View\View))
#7 /var/www/html/hrms/vendor/laravel/framework/src/Illuminate/Routing/ResponseFactory.php(57): Symfony\Component\HttpFoundation\Response->__construct(Object(Illuminate\View\View), 404, Array)
#8 /var/www/html/hrms/vendor/laravel/framework/src/Illuminate/Routing/ResponseFactory.php(71): Illuminate\Routing\ResponseFactory->make(Object(Illuminate\View\View), 404, Array)
#9 /var/www/html/hrms/vendor/laravel/framework/src/Illuminate/Foundation/Exceptions/Handler.php(156): Illuminate\Routing\ResponseFactory->view('errors.404', Array, 404, Array)
#10 /var/www/html/hrms/vendor/laravel/framework/src/Illuminate/Foundation/Exceptions/Handler.php(113): Illuminate\Foundation\Exceptions\Handler->renderHttpException(Object(Symfony\Component\HttpKernel\Exception\NotFoundHttpException))
#11 /var/www/html/hrms/app/Exceptions/Handler.php(48): Illuminate\Foundation\Exceptions\Handler->render(Object(Illuminate\Http\Request), Object(Symfony\Component\HttpKernel\Exception\NotFoundHttpException))
#12 /var/www/html/hrms/vendor/laravel/framework/src/Illuminate/Routing/Pipeline.php(80): App\Exceptions\Handler->render(Object(Illuminate\Http\Request), Object(Symfony\Component\HttpKernel\Exception\NotFoundHttpException))
#13 /var/www/html/hrms/vendor/laravel/framework/src/Illuminate/Routing/Pipeline.php(54): Illuminate\Routing\Pipeline->handleException(Object(Illuminate\Http\Request), Object(Symfony\Component\HttpKernel\Exception\NotFoundHttpException))
#14 /var/www/html/hrms/vendor/laravel/framework/src/Illuminate/Foundation/Http/Middleware/CheckForMaintenanceMode.php(44): Illuminate\Routing\Pipeline->Illuminate\Routing\{closure}(Object(Illuminate\Http\Request))
#15 [internal function]: Illuminate\Foundation\Http\Middleware\CheckForMaintenanceMode->handle(Object(Illuminate\Http\Request), Object(Closure))
#16 /var/www/html/hrms/vendor/laravel/framework/src/Illuminate/Pipeline/Pipeline.php(136): call_user_func_array(Array, Array)
#17 [internal function]: Illuminate\Pipeline\Pipeline->Illuminate\Pipeline\{closure}(Object(Illuminate\Http\Request))
#18 /var/www/html/hrms/vendor/laravel/framework/src/Illuminate/Routing/Pipeline.php(32): call_user_func(Object(Closure), Object(Illuminate\Http\Request))
#19 [internal function]: Illuminate\Routing\Pipeline->Illuminate\Routing\{closure}(Object(Illuminate\Http\Request))
#20 /var/www/html/hrms/vendor/laravel/framework/src/Illuminate/Pipeline/Pipeline.php(102): call_user_func(Object(Closure), Object(Illuminate\Http\Request))
#21 /var/www/html/hrms/vendor/laravel/framework/src/Illuminate/Foundation/Http/Kernel.php(132): Illuminate\Pipeline\Pipeline->then(Object(Closure))
#22 /var/www/html/hrms/vendor/laravel/framework/src/Illuminate/Foundation/Http/Kernel.php(99): Illuminate\Foundation\Http\Kernel->sendRequestThroughRouter(Object(Illuminate\Http\Request))
#23 /var/www/html/hrms/public/index.php(53): Illuminate\Foundation\Http\Kernel->handle(Object(Illuminate\Http\Request))
#24 {main}  
